<?xml version="1.0" encoding="UTF-8"?>
<!-- Generated by org.testng.reporters.JUnitReportReporter -->
<testsuite hostname="DESKTOP-LI0IC7S" failures="0" tests="1" name="TestCases.TC001_AccountResigrationTest" time="2.628" errors="0" timestamp="2024-11-14T14:46:46 IST" skipped="0">
  <testcase classname="TestCases.TC001_AccountResigrationTest" name="Verify_Account_Registration" time="2.628"/>
</testsuite> <!-- TestCases.TC001_AccountResigrationTest -->
